[ Info: SetupBuildDirectory: setting up build directory.
[ Info: Doctest: running doctests.
[ Info: ExpandTemplates: expanding markdown templates.
[ Info: CrossReferences: building cross-references.
[ Info: CheckDocument: running document checks.
┌ Warning: 6 docstrings not included in the manual:
│ 
│     DASopt.EveryTic :: Tuple{Any}
│     DASopt.EveryN :: Tuple{Any}
│     DASopt.golden :: NTuple{4, Any}
│     DASopt.try_many_trans :: Tuple{Function, Function, Symbol}
│     DASopt.popnm :: Union{Tuple{N}, Tuple{T}, Tuple{Function, AbstractArray{Array{T, N}, 1}, Any}} where {T, N}
│     DASopt.report :: NTuple{4, Any}
│ 
│ 
│ These are docstrings in the checked modules (configured with the modules keyword)
│ that are not included in @docs or @autodocs blocks.
└ @ Documenter.DocChecks ~/.julia/packages/Documenter/bFHi4/src/DocChecks.jl:69
[ Info: Populate: populating indices.
[ Info: RenderDocument: rendering document.
[ Info: HTMLWriter: rendering HTML pages.
Building documentation for DASopt.
